
 /----------------------------------------------------------------------------\
 |                                                                            |
 |  yosys -- Yosys Open SYnthesis Suite                                       |
 |                                                                            |
 |  Copyright (C) 2012 - 2020  Claire Xenia Wolf <claire@yosyshq.com>         |
 |                                                                            |
 |  Permission to use, copy, modify, and/or distribute this software for any  |
 |  purpose with or without fee is hereby granted, provided that the above    |
 |  copyright notice and this permission notice appear in all copies.         |
 |                                                                            |
 |  THE SOFTWARE IS PROVIDED "AS IS" AND THE AUTHOR DISCLAIMS ALL WARRANTIES  |
 |  WITH REGARD TO THIS SOFTWARE INCLUDING ALL IMPLIED WARRANTIES OF          |
 |  MERCHANTABILITY AND FITNESS. IN NO EVENT SHALL THE AUTHOR BE LIABLE FOR   |
 |  ANY SPECIAL, DIRECT, INDIRECT, OR CONSEQUENTIAL DAMAGES OR ANY DAMAGES    |
 |  WHATSOEVER RESULTING FROM LOSS OF USE, DATA OR PROFITS, WHETHER IN AN     |
 |  ACTION OF CONTRACT, NEGLIGENCE OR OTHER TORTIOUS ACTION, ARISING OUT OF   |
 |  OR IN CONNECTION WITH THE USE OR PERFORMANCE OF THIS SOFTWARE.            |
 |                                                                            |
 \----------------------------------------------------------------------------/

 Yosys 0.33 (git sha1 2584903a060)


-- Executing script file `scripts/stat_holdfix.tcl' --

1. Executing Liberty frontend: lib/NangateOpenCellLibrary_typical.lib
Imported 134 cell types from liberty file.

2. Executing Verilog-2005 frontend: netlist/ksa4_netlist_holdfix.v
Parsing Verilog input from `netlist/ksa4_netlist_holdfix.v' to AST representation.
Generating RTLIL representation for module `\ksa4_reg'.
Successfully finished Verilog frontend.

3. Executing HIERARCHY pass (managing design hierarchy).

3.1. Analyzing design hierarchy..
Top module:  \ksa4_reg

3.2. Analyzing design hierarchy..
Top module:  \ksa4_reg
Removed 0 unused modules.

4. Printing statistics.

=== ksa4_reg ===

   Number of wires:                 56
   Number of wire bits:             77
   Number of public wires:          56
   Number of public wire bits:      77
   Number of memories:               0
   Number of memory bits:            0
   Number of processes:              0
   Number of cells:                 48
     AND2_X1                         2
     AOI21_X1                        2
     BUF_X1                         14
     DFFR_X1                        14
     NAND2_X1                        2
     NOR2_X1                         2
     OAI21_X1                        2
     OR2_X1                          2
     XNOR2_X1                        6
     XOR2_X1                         2

   Chip area for module '\ksa4_reg': 110.124000

End of script. Logfile hash: 54d835b468, CPU: user 0.21s system 0.01s, MEM: 25.42 MB peak
Yosys 0.33 (git sha1 2584903a060)
Time spent: 47% 2x read_liberty (0 sec), 46% 1x stat (0 sec), ...
